<?xml version="1.0" encoding="UTF-8"?>
<testng-results skipped="0" failed="0" ignored="0" total="1" passed="1">
  <reporter-output>
  </reporter-output>
  <suite name="Default suite" duration-ms="3150" started-at="2021-07-15T15:21:30 IST" finished-at="2021-07-15T15:21:33 IST">
    <groups>
    </groups>
    <test name="Default test" duration-ms="3150" started-at="2021-07-15T15:21:30 IST" finished-at="2021-07-15T15:21:33 IST">
      <class name="RestAssuredTest">
        <test-method status="PASS" signature="login_POST()[pri:0, instance:RestAssuredTest@2f943d71]" name="login_POST" is-config="true" duration-ms="2596" started-at="2021-07-15T15:21:30 IST" finished-at="2021-07-15T15:21:33 IST">
          <reporter-output>
          </reporter-output>
        </test-method> <!-- login_POST -->
        <test-method status="PASS" signature="myBooking()[pri:0, instance:RestAssuredTest@2f943d71]" name="myBooking" duration-ms="503" started-at="2021-07-15T15:21:33 IST" finished-at="2021-07-15T15:21:33 IST">
          <reporter-output>
          </reporter-output>
        </test-method> <!-- myBooking -->
      </class> <!-- RestAssuredTest -->
    </test> <!-- Default test -->
  </suite> <!-- Default suite -->
</testng-results>
